{"C:\\Users\\pia_b\\OneDrive\\Documentos\\ISDI-Coders\\Week 8\\tuitah\\tuitah-BE\\server\\middlewares\\error.js": {"path":"C:\\Users\\pia_b\\OneDrive\\Documentos\\ISDI-Coders\\Week 8\\tuitah\\tuitah-BE\\server\\middlewares\\error.js","statementMap":{"0":{"start":{"line":1,"column":14},"end":{"line":1,"column":47}},"1":{"start":{"line":2,"column":28},"end":{"line":2,"column":57}},"2":{"start":{"line":4,"column":29},"end":{"line":8,"column":1}},"3":{"start":{"line":5,"column":2},"end":{"line":7,"column":5}},"4":{"start":{"line":11,"column":28},"end":{"line":21,"column":1}},"5":{"start":{"line":12,"column":2},"end":{"line":15,"column":3}},"6":{"start":{"line":13,"column":4},"end":{"line":13,"column":21}},"7":{"start":{"line":14,"column":4},"end":{"line":14,"column":44}},"8":{"start":{"line":16,"column":2},"end":{"line":16,"column":59}},"9":{"start":{"line":17,"column":18},"end":{"line":19,"column":45}},"10":{"start":{"line":20,"column":2},"end":{"line":20,"column":57}},"11":{"start":{"line":23,"column":0},"end":{"line":26,"column":2}}},"fnMap":{"0":{"name":"(anonymous_0)","decl":{"start":{"line":4,"column":29},"end":{"line":4,"column":30}},"loc":{"start":{"line":4,"column":43},"end":{"line":8,"column":1}},"line":4},"1":{"name":"(anonymous_1)","decl":{"start":{"line":11,"column":28},"end":{"line":11,"column":29}},"loc":{"start":{"line":11,"column":55},"end":{"line":21,"column":1}},"line":11}},"branchMap":{"0":{"loc":{"start":{"line":12,"column":2},"end":{"line":15,"column":3}},"type":"if","locations":[{"start":{"line":12,"column":2},"end":{"line":15,"column":3}},{"start":{},"end":{}}],"line":12},"1":{"loc":{"start":{"line":17,"column":18},"end":{"line":19,"column":45}},"type":"cond-expr","locations":[{"start":{"line":18,"column":6},"end":{"line":18,"column":19}},{"start":{"line":19,"column":6},"end":{"line":19,"column":45}}],"line":17},"2":{"loc":{"start":{"line":20,"column":13},"end":{"line":20,"column":30}},"type":"binary-expr","locations":[{"start":{"line":20,"column":13},"end":{"line":20,"column":23}},{"start":{"line":20,"column":27},"end":{"line":20,"column":30}}],"line":20}},"s":{"0":1,"1":1,"2":1,"3":1,"4":1,"5":3,"6":0,"7":0,"8":3,"9":3,"10":3,"11":1},"f":{"0":1,"1":3},"b":{"0":[0,3],"1":[2,1],"2":[3,1]},"_coverageSchema":"1a1c01bbd47fc00a2c39e90264f33305004495a9","hash":"184179d2302913cb689a66fc477dad6a64646ffa"}
}
